{"contracts\\PrivateRentalMatching.sol":{"l":{"121":0,"122":0,"126":0,"127":0,"128":0,"132":0,"133":0,"134":0,"138":0,"139":0,"143":18,"144":18,"148":32,"149":32,"150":32,"151":32,"152":32,"153":32,"154":32,"157":32,"158":128,"159":128,"160":128,"171":0,"172":0,"174":0,"175":0,"176":0,"184":0,"186":0,"189":0,"190":0,"191":0,"192":0,"193":0,"197":0,"204":0,"205":0,"206":0,"213":0,"214":0,"215":0,"223":0,"224":0,"225":0,"234":0,"236":0,"245":0,"253":0,"265":0,"267":0,"283":0,"291":0,"299":0,"307":0,"315":0,"330":11,"331":11,"332":11,"334":11,"335":0,"336":0,"337":0,"339":0,"350":0,"353":0,"354":0,"355":0,"356":0,"358":0,"359":0,"360":0,"361":0,"363":0,"364":0,"377":7,"378":7,"379":7,"381":7,"382":0,"383":0,"384":0,"386":0,"397":0,"400":0,"401":0,"402":0,"403":0,"405":0,"406":0,"407":0,"408":0,"410":0,"411":0,"419":0,"420":0,"421":0,"422":0,"424":0,"425":0,"427":0,"433":0,"434":0,"435":0,"436":0,"439":0,"440":0,"441":0,"442":0,"445":0,"456":0,"457":0,"459":0,"460":0,"467":0,"468":0,"470":0,"472":0,"473":0,"474":0,"476":0,"477":0,"479":0,"482":0,"483":0,"486":0,"493":0,"494":0,"501":0,"502":0,"508":1,"512":1,"525":0,"526":0,"539":1,"540":1,"541":0,"542":0,"545":1,"549":1,"550":1,"551":0,"552":0,"555":1,"564":0,"565":0,"579":0,"580":0,"589":0,"593":0,"594":0,"604":0,"619":0,"620":0},"path":"D:\\zamadapp\\dapp122\\private-rental-matching\\contracts\\PrivateRentalMatching.sol","s":{"1":0,"2":0,"3":0,"4":0,"5":0,"6":0,"7":18,"8":32,"9":128,"10":128,"11":0,"12":0,"13":0,"14":0,"15":0,"16":0,"17":0,"18":0,"19":0,"20":0,"21":0,"22":0,"23":0,"24":0,"25":0,"26":0,"27":0,"28":0,"29":0,"30":0,"31":0,"32":0,"33":0,"34":0,"35":0,"36":11,"37":11,"38":11,"39":11,"40":0,"41":0,"42":0,"43":0,"44":0,"45":0,"46":0,"47":0,"48":0,"49":0,"50":0,"51":0,"52":0,"53":7,"54":7,"55":7,"56":7,"57":0,"58":0,"59":0,"60":0,"61":0,"62":0,"63":0,"64":0,"65":0,"66":0,"67":0,"68":0,"69":0,"70":0,"71":0,"72":0,"73":0,"74":0,"75":0,"76":0,"77":0,"78":0,"79":0,"80":0,"81":0,"82":0,"83":0,"84":0,"85":0,"86":0,"87":0,"88":0,"89":0,"90":0,"91":0,"92":0,"93":0,"94":0,"95":0,"96":0,"97":0,"98":1,"99":1,"100":0,"101":0,"102":1,"103":1,"104":0,"105":1,"106":1,"107":1,"108":0,"109":1,"110":0,"111":0,"112":0,"113":0,"114":0,"115":0,"116":0,"117":0,"118":0},"b":{"1":[0,0],"2":[0,0],"3":[0,0],"4":[0,0],"5":[0,0],"6":[0,0],"7":[18,0],"8":[0,0],"9":[0,0],"10":[0,0],"11":[0,0],"12":[0,0],"13":[0,0],"14":[0,0],"15":[0,0],"16":[0,0],"17":[0,0],"18":[0,0],"19":[0,0],"20":[11,0],"21":[11,0],"22":[11,0],"23":[11,0],"24":[7,0],"25":[7,0],"26":[7,0],"27":[7,0],"28":[0,0],"29":[0,0],"30":[0,0],"31":[0,0],"32":[0,0],"33":[0,0],"34":[0,0],"35":[0,0],"36":[0,0],"37":[0,0],"38":[0,0],"39":[0,0],"40":[0,0],"41":[0,0],"42":[0,0],"43":[0,0],"44":[0,0],"45":[0,0],"46":[0,0],"47":[0,0],"48":[0,0]},"f":{"1":0,"2":0,"3":0,"4":0,"5":18,"6":32,"7":0,"8":0,"9":0,"10":0,"11":0,"12":0,"13":0,"14":0,"15":0,"16":0,"17":0,"18":0,"19":11,"20":7,"21":0,"22":0,"23":0,"24":0,"25":1,"26":1,"27":0,"28":1,"29":1,"30":0,"31":0,"32":0,"33":0,"34":0,"35":0},"fnMap":{"1":{"name":"onlyOwner","line":120,"loc":{"start":{"line":120,"column":4},"end":{"line":123,"column":4}}},"2":{"name":"onlyActiveListing","line":125,"loc":{"start":{"line":125,"column":4},"end":{"line":129,"column":4}}},"3":{"name":"onlyActiveRequest","line":131,"loc":{"start":{"line":131,"column":4},"end":{"line":135,"column":4}}},"4":{"name":"onlyPauser","line":137,"loc":{"start":{"line":137,"column":4},"end":{"line":140,"column":4}}},"5":{"name":"whenNotPaused","line":142,"loc":{"start":{"line":142,"column":4},"end":{"line":145,"column":4}}},"6":{"name":"constructor","line":147,"loc":{"start":{"line":147,"column":4},"end":{"line":162,"column":4}}},"7":{"name":"addPauser","line":170,"loc":{"start":{"line":170,"column":4},"end":{"line":177,"column":4}}},"8":{"name":"removePauser","line":183,"loc":{"start":{"line":183,"column":4},"end":{"line":198,"column":4}}},"9":{"name":"pause","line":203,"loc":{"start":{"line":203,"column":4},"end":{"line":207,"column":4}}},"10":{"name":"unpause","line":212,"loc":{"start":{"line":212,"column":4},"end":{"line":216,"column":4}}},"11":{"name":"updateKmsGeneration","line":222,"loc":{"start":{"line":222,"column":4},"end":{"line":226,"column":4}}},"12":{"name":"requestDecryption","line":233,"loc":{"start":{"line":233,"column":4},"end":{"line":254,"column":4}}},"13":{"name":"submitDecryptionResponse","line":260,"loc":{"start":{"line":260,"column":4},"end":{"line":274,"column":4}}},"14":{"name":"isPublicDecryptAllowed","line":282,"loc":{"start":{"line":282,"column":4},"end":{"line":284,"column":4}}},"15":{"name":"isPauser","line":290,"loc":{"start":{"line":290,"column":4},"end":{"line":292,"column":4}}},"16":{"name":"isContractPaused","line":298,"loc":{"start":{"line":298,"column":4},"end":{"line":300,"column":4}}},"17":{"name":"isListingValid","line":306,"loc":{"start":{"line":306,"column":4},"end":{"line":308,"column":4}}},"18":{"name":"isRequestValid","line":314,"loc":{"start":{"line":314,"column":4},"end":{"line":316,"column":4}}},"19":{"name":"createListing","line":329,"loc":{"start":{"line":324,"column":4},"end":{"line":365,"column":4}}},"20":{"name":"createRequest","line":376,"loc":{"start":{"line":371,"column":4},"end":{"line":412,"column":4}}},"21":{"name":"createMatch","line":418,"loc":{"start":{"line":418,"column":4},"end":{"line":461,"column":4}}},"22":{"name":"confirmMatch","line":466,"loc":{"start":{"line":466,"column":4},"end":{"line":487,"column":4}}},"23":{"name":"deactivateListing","line":492,"loc":{"start":{"line":492,"column":4},"end":{"line":495,"column":4}}},"24":{"name":"deactivateRequest","line":500,"loc":{"start":{"line":500,"column":4},"end":{"line":503,"column":4}}},"25":{"name":"getUserListings","line":507,"loc":{"start":{"line":507,"column":4},"end":{"line":509,"column":4}}},"26":{"name":"getUserRequests","line":511,"loc":{"start":{"line":511,"column":4},"end":{"line":513,"column":4}}},"27":{"name":"getMatchDetails","line":515,"loc":{"start":{"line":515,"column":4},"end":{"line":536,"column":4}}},"28":{"name":"getActiveListingsCount","line":538,"loc":{"start":{"line":538,"column":4},"end":{"line":546,"column":4}}},"29":{"name":"getActiveRequestsCount","line":548,"loc":{"start":{"line":548,"column":4},"end":{"line":556,"column":4}}},"30":{"name":"getListingDetails","line":558,"loc":{"start":{"line":558,"column":4},"end":{"line":571,"column":4}}},"31":{"name":"getRequestDetails","line":573,"loc":{"start":{"line":573,"column":4},"end":{"line":586,"column":4}}},"32":{"name":"getPauserCount","line":588,"loc":{"start":{"line":588,"column":4},"end":{"line":590,"column":4}}},"33":{"name":"getPauserAtIndex","line":592,"loc":{"start":{"line":592,"column":4},"end":{"line":595,"column":4}}},"34":{"name":"getPlatformStats","line":597,"loc":{"start":{"line":597,"column":4},"end":{"line":611,"column":4}}},"35":{"name":"emergencyPause","line":618,"loc":{"start":{"line":618,"column":4},"end":{"line":621,"column":4}}}},"statementMap":{"1":{"start":{"line":121,"column":8},"end":{"line":121,"column":53}},"2":{"start":{"line":126,"column":8},"end":{"line":126,"column":66}},"3":{"start":{"line":127,"column":8},"end":{"line":127,"column":79}},"4":{"start":{"line":132,"column":8},"end":{"line":132,"column":66}},"5":{"start":{"line":133,"column":8},"end":{"line":133,"column":77}},"6":{"start":{"line":138,"column":8},"end":{"line":138,"column":59}},"7":{"start":{"line":143,"column":8},"end":{"line":143,"column":47}},"8":{"start":{"line":157,"column":8},"end":{"line":157,"column":5485}},"9":{"start":{"line":158,"column":12},"end":{"line":158,"column":52}},"10":{"start":{"line":160,"column":12},"end":{"line":160,"column":66}},"11":{"start":{"line":171,"column":8},"end":{"line":171,"column":63}},"12":{"start":{"line":172,"column":8},"end":{"line":172,"column":61}},"13":{"start":{"line":174,"column":8},"end":{"line":174,"column":36}},"14":{"start":{"line":176,"column":8},"end":{"line":176,"column":50}},"15":{"start":{"line":184,"column":8},"end":{"line":184,"column":56}},"16":{"start":{"line":189,"column":8},"end":{"line":189,"column":6609}},"17":{"start":{"line":190,"column":12},"end":{"line":190,"column":6681}},"18":{"start":{"line":192,"column":16},"end":{"line":192,"column":36}},"19":{"start":{"line":197,"column":8},"end":{"line":197,"column":52}},"20":{"start":{"line":204,"column":8},"end":{"line":204,"column":43}},"21":{"start":{"line":206,"column":8},"end":{"line":206,"column":56}},"22":{"start":{"line":213,"column":8},"end":{"line":213,"column":38}},"23":{"start":{"line":215,"column":8},"end":{"line":215,"column":58}},"24":{"start":{"line":223,"column":8},"end":{"line":223,"column":45}},"25":{"start":{"line":225,"column":8},"end":{"line":225,"column":64}},"26":{"start":{"line":234,"column":8},"end":{"line":234,"column":54}},"27":{"start":{"line":245,"column":8},"end":{"line":245,"column":8459}},"28":{"start":{"line":253,"column":8},"end":{"line":253,"column":24}},"29":{"start":{"line":265,"column":8},"end":{"line":265,"column":89}},"30":{"start":{"line":267,"column":8},"end":{"line":267,"column":9102}},"31":{"start":{"line":283,"column":8},"end":{"line":283,"column":24}},"32":{"start":{"line":291,"column":8},"end":{"line":291,"column":40}},"33":{"start":{"line":299,"column":8},"end":{"line":299,"column":23}},"34":{"start":{"line":307,"column":8},"end":{"line":307,"column":79}},"35":{"start":{"line":315,"column":8},"end":{"line":315,"column":79}},"36":{"start":{"line":330,"column":8},"end":{"line":330,"column":58}},"37":{"start":{"line":331,"column":8},"end":{"line":331,"column":73}},"38":{"start":{"line":332,"column":8},"end":{"line":332,"column":81}},"39":{"start":{"line":334,"column":8},"end":{"line":334,"column":54}},"40":{"start":{"line":335,"column":8},"end":{"line":335,"column":58}},"41":{"start":{"line":336,"column":8},"end":{"line":336,"column":64}},"42":{"start":{"line":337,"column":8},"end":{"line":337,"column":66}},"43":{"start":{"line":350,"column":8},"end":{"line":350,"column":54}},"44":{"start":{"line":353,"column":8},"end":{"line":353,"column":36}},"45":{"start":{"line":354,"column":8},"end":{"line":354,"column":39}},"46":{"start":{"line":355,"column":8},"end":{"line":355,"column":41}},"47":{"start":{"line":356,"column":8},"end":{"line":356,"column":43}},"48":{"start":{"line":358,"column":8},"end":{"line":358,"column":44}},"49":{"start":{"line":359,"column":8},"end":{"line":359,"column":47}},"50":{"start":{"line":360,"column":8},"end":{"line":360,"column":49}},"51":{"start":{"line":361,"column":8},"end":{"line":361,"column":51}},"52":{"start":{"line":363,"column":8},"end":{"line":363,"column":57}},"53":{"start":{"line":377,"column":8},"end":{"line":377,"column":63}},"54":{"start":{"line":378,"column":8},"end":{"line":378,"column":79}},"55":{"start":{"line":379,"column":8},"end":{"line":379,"column":99}},"56":{"start":{"line":381,"column":8},"end":{"line":381,"column":62}},"57":{"start":{"line":382,"column":8},"end":{"line":382,"column":64}},"58":{"start":{"line":383,"column":8},"end":{"line":383,"column":82}},"59":{"start":{"line":384,"column":8},"end":{"line":384,"column":84}},"60":{"start":{"line":397,"column":8},"end":{"line":397,"column":54}},"61":{"start":{"line":400,"column":8},"end":{"line":400,"column":40}},"62":{"start":{"line":401,"column":8},"end":{"line":401,"column":42}},"63":{"start":{"line":402,"column":8},"end":{"line":402,"column":50}},"64":{"start":{"line":403,"column":8},"end":{"line":403,"column":52}},"65":{"start":{"line":405,"column":8},"end":{"line":405,"column":48}},"66":{"start":{"line":406,"column":8},"end":{"line":406,"column":50}},"67":{"start":{"line":407,"column":8},"end":{"line":407,"column":58}},"68":{"start":{"line":408,"column":8},"end":{"line":408,"column":60}},"69":{"start":{"line":410,"column":8},"end":{"line":410,"column":57}},"70":{"start":{"line":419,"column":8},"end":{"line":419,"column":67}},"71":{"start":{"line":420,"column":8},"end":{"line":420,"column":67}},"72":{"start":{"line":421,"column":8},"end":{"line":421,"column":74}},"73":{"start":{"line":422,"column":8},"end":{"line":422,"column":74}},"74":{"start":{"line":424,"column":8},"end":{"line":424,"column":62}},"75":{"start":{"line":425,"column":8},"end":{"line":425,"column":60}},"76":{"start":{"line":427,"column":8},"end":{"line":427,"column":15354}},"77":{"start":{"line":433,"column":8},"end":{"line":433,"column":85}},"78":{"start":{"line":434,"column":8},"end":{"line":434,"column":92}},"79":{"start":{"line":435,"column":8},"end":{"line":435,"column":103}},"80":{"start":{"line":436,"column":8},"end":{"line":436,"column":101}},"81":{"start":{"line":439,"column":8},"end":{"line":439,"column":32}},"82":{"start":{"line":440,"column":8},"end":{"line":440,"column":34}},"83":{"start":{"line":441,"column":8},"end":{"line":441,"column":31}},"84":{"start":{"line":442,"column":8},"end":{"line":442,"column":33}},"85":{"start":{"line":459,"column":8},"end":{"line":459,"column":63}},"86":{"start":{"line":467,"column":8},"end":{"line":467,"column":80}},"87":{"start":{"line":468,"column":8},"end":{"line":468,"column":73}},"88":{"start":{"line":470,"column":8},"end":{"line":470,"column":51}},"89":{"start":{"line":472,"column":8},"end":{"line":472,"column":17167}},"90":{"start":{"line":473,"column":12},"end":{"line":473,"column":81}},"91":{"start":{"line":475,"column":15},"end":{"line":475,"column":17357}},"92":{"start":{"line":476,"column":12},"end":{"line":476,"column":77}},"93":{"start":{"line":479,"column":12},"end":{"line":479,"column":57}},"94":{"start":{"line":482,"column":8},"end":{"line":482,"column":17624}},"95":{"start":{"line":486,"column":8},"end":{"line":486,"column":49}},"96":{"start":{"line":494,"column":8},"end":{"line":494,"column":43}},"97":{"start":{"line":502,"column":8},"end":{"line":502,"column":43}},"98":{"start":{"line":508,"column":8},"end":{"line":508,"column":34}},"99":{"start":{"line":512,"column":8},"end":{"line":512,"column":34}},"100":{"start":{"line":525,"column":8},"end":{"line":525,"column":51}},"101":{"start":{"line":526,"column":8},"end":{"line":526,"column":19013}},"102":{"start":{"line":539,"column":8},"end":{"line":539,"column":25}},"103":{"start":{"line":540,"column":8},"end":{"line":540,"column":19435}},"104":{"start":{"line":541,"column":12},"end":{"line":541,"column":19501}},"105":{"start":{"line":545,"column":8},"end":{"line":545,"column":20}},"106":{"start":{"line":549,"column":8},"end":{"line":549,"column":25}},"107":{"start":{"line":550,"column":8},"end":{"line":550,"column":19745}},"108":{"start":{"line":551,"column":12},"end":{"line":551,"column":19811}},"109":{"start":{"line":555,"column":8},"end":{"line":555,"column":20}},"110":{"start":{"line":564,"column":8},"end":{"line":564,"column":62}},"111":{"start":{"line":565,"column":8},"end":{"line":565,"column":20208}},"112":{"start":{"line":579,"column":8},"end":{"line":579,"column":60}},"113":{"start":{"line":580,"column":8},"end":{"line":580,"column":20621}},"114":{"start":{"line":589,"column":8},"end":{"line":589,"column":37}},"115":{"start":{"line":593,"column":8},"end":{"line":593,"column":70}},"116":{"start":{"line":594,"column":8},"end":{"line":594,"column":38}},"117":{"start":{"line":604,"column":8},"end":{"line":604,"column":21328}},"118":{"start":{"line":620,"column":8},"end":{"line":620,"column":56}}},"branchMap":{"1":{"line":121,"type":"if","locations":[{"start":{"line":121,"column":8},"end":{"line":121,"column":8}},{"start":{"line":121,"column":8},"end":{"line":121,"column":8}}]},"2":{"line":126,"type":"if","locations":[{"start":{"line":126,"column":8},"end":{"line":126,"column":8}},{"start":{"line":126,"column":8},"end":{"line":126,"column":8}}]},"3":{"line":127,"type":"if","locations":[{"start":{"line":127,"column":8},"end":{"line":127,"column":8}},{"start":{"line":127,"column":8},"end":{"line":127,"column":8}}]},"4":{"line":132,"type":"if","locations":[{"start":{"line":132,"column":8},"end":{"line":132,"column":8}},{"start":{"line":132,"column":8},"end":{"line":132,"column":8}}]},"5":{"line":133,"type":"if","locations":[{"start":{"line":133,"column":8},"end":{"line":133,"column":8}},{"start":{"line":133,"column":8},"end":{"line":133,"column":8}}]},"6":{"line":138,"type":"if","locations":[{"start":{"line":138,"column":8},"end":{"line":138,"column":8}},{"start":{"line":138,"column":8},"end":{"line":138,"column":8}}]},"7":{"line":143,"type":"if","locations":[{"start":{"line":143,"column":8},"end":{"line":143,"column":8}},{"start":{"line":143,"column":8},"end":{"line":143,"column":8}}]},"8":{"line":170,"type":"if","locations":[{"start":{"line":170,"column":49},"end":{"line":170,"column":49}},{"start":{"line":170,"column":49},"end":{"line":170,"column":49}}]},"9":{"line":171,"type":"if","locations":[{"start":{"line":171,"column":8},"end":{"line":171,"column":8}},{"start":{"line":171,"column":8},"end":{"line":171,"column":8}}]},"10":{"line":172,"type":"if","locations":[{"start":{"line":172,"column":8},"end":{"line":172,"column":8}},{"start":{"line":172,"column":8},"end":{"line":172,"column":8}}]},"11":{"line":183,"type":"if","locations":[{"start":{"line":183,"column":52},"end":{"line":183,"column":52}},{"start":{"line":183,"column":52},"end":{"line":183,"column":52}}]},"12":{"line":184,"type":"if","locations":[{"start":{"line":184,"column":8},"end":{"line":184,"column":8}},{"start":{"line":184,"column":8},"end":{"line":184,"column":8}}]},"13":{"line":190,"type":"if","locations":[{"start":{"line":190,"column":12},"end":{"line":190,"column":12}},{"start":{"line":190,"column":12},"end":{"line":190,"column":12}}]},"14":{"line":203,"type":"if","locations":[{"start":{"line":203,"column":30},"end":{"line":203,"column":30}},{"start":{"line":203,"column":30},"end":{"line":203,"column":30}}]},"15":{"line":204,"type":"if","locations":[{"start":{"line":204,"column":8},"end":{"line":204,"column":8}},{"start":{"line":204,"column":8},"end":{"line":204,"column":8}}]},"16":{"line":212,"type":"if","locations":[{"start":{"line":212,"column":32},"end":{"line":212,"column":32}},{"start":{"line":212,"column":32},"end":{"line":212,"column":32}}]},"17":{"line":213,"type":"if","locations":[{"start":{"line":213,"column":8},"end":{"line":213,"column":8}},{"start":{"line":213,"column":8},"end":{"line":213,"column":8}}]},"18":{"line":222,"type":"if","locations":[{"start":{"line":222,"column":66},"end":{"line":222,"column":66}},{"start":{"line":222,"column":66},"end":{"line":222,"column":66}}]},"19":{"line":265,"type":"if","locations":[{"start":{"line":265,"column":8},"end":{"line":265,"column":8}},{"start":{"line":265,"column":8},"end":{"line":265,"column":8}}]},"20":{"line":329,"type":"if","locations":[{"start":{"line":329,"column":15},"end":{"line":329,"column":15}},{"start":{"line":329,"column":15},"end":{"line":329,"column":15}}]},"21":{"line":330,"type":"if","locations":[{"start":{"line":330,"column":8},"end":{"line":330,"column":8}},{"start":{"line":330,"column":8},"end":{"line":330,"column":8}}]},"22":{"line":331,"type":"if","locations":[{"start":{"line":331,"column":8},"end":{"line":331,"column":8}},{"start":{"line":331,"column":8},"end":{"line":331,"column":8}}]},"23":{"line":332,"type":"if","locations":[{"start":{"line":332,"column":8},"end":{"line":332,"column":8}},{"start":{"line":332,"column":8},"end":{"line":332,"column":8}}]},"24":{"line":376,"type":"if","locations":[{"start":{"line":376,"column":15},"end":{"line":376,"column":15}},{"start":{"line":376,"column":15},"end":{"line":376,"column":15}}]},"25":{"line":377,"type":"if","locations":[{"start":{"line":377,"column":8},"end":{"line":377,"column":8}},{"start":{"line":377,"column":8},"end":{"line":377,"column":8}}]},"26":{"line":378,"type":"if","locations":[{"start":{"line":378,"column":8},"end":{"line":378,"column":8}},{"start":{"line":378,"column":8},"end":{"line":378,"column":8}}]},"27":{"line":379,"type":"if","locations":[{"start":{"line":379,"column":8},"end":{"line":379,"column":8}},{"start":{"line":379,"column":8},"end":{"line":379,"column":8}}]},"28":{"line":418,"type":"if","locations":[{"start":{"line":418,"column":74},"end":{"line":418,"column":74}},{"start":{"line":418,"column":74},"end":{"line":418,"column":74}}]},"29":{"line":419,"type":"if","locations":[{"start":{"line":419,"column":8},"end":{"line":419,"column":8}},{"start":{"line":419,"column":8},"end":{"line":419,"column":8}}]},"30":{"line":420,"type":"if","locations":[{"start":{"line":420,"column":8},"end":{"line":420,"column":8}},{"start":{"line":420,"column":8},"end":{"line":420,"column":8}}]},"31":{"line":421,"type":"if","locations":[{"start":{"line":421,"column":8},"end":{"line":421,"column":8}},{"start":{"line":421,"column":8},"end":{"line":421,"column":8}}]},"32":{"line":422,"type":"if","locations":[{"start":{"line":422,"column":8},"end":{"line":422,"column":8}},{"start":{"line":422,"column":8},"end":{"line":422,"column":8}}]},"33":{"line":427,"type":"if","locations":[{"start":{"line":427,"column":8},"end":{"line":427,"column":8}},{"start":{"line":427,"column":8},"end":{"line":427,"column":8}}]},"34":{"line":428,"type":"cond-expr","locations":[{"start":{"line":428,"column":12},"end":{"line":428,"column":41}},{"start":{"line":428,"column":46},"end":{"line":428,"column":73}}]},"35":{"line":466,"type":"if","locations":[{"start":{"line":466,"column":53},"end":{"line":466,"column":53}},{"start":{"line":466,"column":53},"end":{"line":466,"column":53}}]},"36":{"line":467,"type":"if","locations":[{"start":{"line":467,"column":8},"end":{"line":467,"column":8}},{"start":{"line":467,"column":8},"end":{"line":467,"column":8}}]},"37":{"line":468,"type":"if","locations":[{"start":{"line":468,"column":8},"end":{"line":468,"column":8}},{"start":{"line":468,"column":8},"end":{"line":468,"column":8}}]},"38":{"line":472,"type":"if","locations":[{"start":{"line":472,"column":8},"end":{"line":472,"column":8}},{"start":{"line":472,"column":8},"end":{"line":472,"column":8}}]},"39":{"line":473,"type":"if","locations":[{"start":{"line":473,"column":12},"end":{"line":473,"column":12}},{"start":{"line":473,"column":12},"end":{"line":473,"column":12}}]},"40":{"line":475,"type":"if","locations":[{"start":{"line":475,"column":15},"end":{"line":475,"column":15}},{"start":{"line":475,"column":15},"end":{"line":475,"column":15}}]},"41":{"line":476,"type":"if","locations":[{"start":{"line":476,"column":12},"end":{"line":476,"column":12}},{"start":{"line":476,"column":12},"end":{"line":476,"column":12}}]},"42":{"line":482,"type":"if","locations":[{"start":{"line":482,"column":8},"end":{"line":482,"column":8}},{"start":{"line":482,"column":8},"end":{"line":482,"column":8}}]},"43":{"line":492,"type":"if","locations":[{"start":{"line":492,"column":60},"end":{"line":492,"column":60}},{"start":{"line":492,"column":60},"end":{"line":492,"column":60}}]},"44":{"line":500,"type":"if","locations":[{"start":{"line":500,"column":60},"end":{"line":500,"column":60}},{"start":{"line":500,"column":60},"end":{"line":500,"column":60}}]},"45":{"line":541,"type":"if","locations":[{"start":{"line":541,"column":12},"end":{"line":541,"column":12}},{"start":{"line":541,"column":12},"end":{"line":541,"column":12}}]},"46":{"line":551,"type":"if","locations":[{"start":{"line":551,"column":12},"end":{"line":551,"column":12}},{"start":{"line":551,"column":12},"end":{"line":551,"column":12}}]},"47":{"line":593,"type":"if","locations":[{"start":{"line":593,"column":8},"end":{"line":593,"column":8}},{"start":{"line":593,"column":8},"end":{"line":593,"column":8}}]},"48":{"line":618,"type":"if","locations":[{"start":{"line":618,"column":39},"end":{"line":618,"column":39}},{"start":{"line":618,"column":39},"end":{"line":618,"column":39}}]}}}}